[2016-05-30T14:10:06.703356][ERROR]: ceph1: Error initializing cluster client: Error('error calling conf_read_file: errno EINVAL',)
pdsh@ceph1: ceph1: ssh exited with exit code 1

[2016-05-30T14:21:05.527769][ERROR]: ceph1: Error initializing cluster client: Error('error calling conf_read_file: errno EINVAL',)
pdsh@ceph1: ceph1: ssh exited with exit code 1

[2016-05-30T14:21:09.369028][ERROR]: ceph1: Error initializing cluster client: Error('error calling conf_read_file: errno EINVAL',)
pdsh@ceph1: ceph1: ssh exited with exit code 1

[2016-05-30T14:21:39.513639][ERROR]: 127.0.0.1: Host key verification failed.

[2016-05-30T14:21:39.513829][ERROR]: Generating history view failed
[2016-05-30T14:21:41.270199][ERROR]: ceph1: Error initializing cluster client: Error('error calling conf_read_file: errno EINVAL',)
pdsh@ceph1: ceph1: ssh exited with exit code 1

[2016-05-30T14:21:45.001723][ERROR]: ceph1: Error initializing cluster client: Error('error calling conf_read_file: errno EINVAL',)
pdsh@ceph1: ceph1: ssh exited with exit code 1

[2016-05-30T14:22:16.767275][ERROR]: ceph1: Error initializing cluster client: Error('error calling conf_read_file: errno EINVAL',)
pdsh@ceph1: ceph1: ssh exited with exit code 1

[2016-05-30T14:22:20.465379][ERROR]: ceph1: Error initializing cluster client: Error('error calling conf_read_file: errno EINVAL',)
pdsh@ceph1: ceph1: ssh exited with exit code 1

[2016-05-30T14:22:32.117368][ERROR]: ceph1: Error initializing cluster client: Error('error calling conf_read_file: errno EINVAL',)
pdsh@ceph1: ceph1: ssh exited with exit code 1

[2016-05-30T14:22:35.422060][ERROR]: ceph1: ceph-mon: no process found
pdsh@ceph1: ceph1: ssh exited with exit code 1

[2016-05-30T14:22:35.812837][ERROR]: ceph1: ceph-osd: no process found
pdsh@ceph1: ceph1: ssh exited with exit code 1

[2016-05-30T15:09:40.304096][ERROR]: ceph1: 2016-05-30 15:09:38.122015 7f354288a700  0 monclient: hunting for new mon
ceph1: 2016-05-30 15:09:38.164778 7f353aefc700  0 -- 192.168.0.117:0/2787687180 >> 192.168.0.117:6789/0 pipe(0x7f352c004840 sd=3 :0 s=1 pgs=0 cs=0 l=1 c=0x7f352c008ae0).fault
pdsh@ceph1: ceph1: ssh exited with exit code 124

