[2016-06-03T05:30:23.078457]['bash', '-c', 'rm -f /root/CeTune/conf/../conf/cetune_error.log']
[2016-06-03T05:30:23.087798]['pdsh', '-R', 'exec', '-w', 'root@node152', 'ssh', '%h', '-oConnectTimeout=15', 'rbd ls -p rbd']
[2016-06-03T05:30:23.560836]node152: volume-999febe4-d243-4e00-98a7-e8228af9636a

[2016-06-03T05:30:23.561872]['pdsh', '-R', 'exec', '-w', 'root@node152', 'ssh', '%h', '-oConnectTimeout=15', 'test -d //mnt/data//14-140-fiorbd-randwrite-4k-qd64-1G-100-400-fiorbd']
[2016-06-03T05:30:23.825080]pdsh@node152: node152: ssh exited with exit code 1

[2016-06-03T05:30:23.826206][ERROR]: pdsh@node152: node152: ssh exited with exit code 1

[2016-06-03T05:30:23.826318]['pdsh', '-R', 'exec', '-w', 'root@node152', 'ssh', '%h', '-oConnectTimeout=15', 'mkdir -p //mnt/data//14-140-fiorbd-randwrite-4k-qd64-1G-100-400-fiorbd']
[2016-06-03T05:30:24.111609]['pdsh', '-R', 'exec', '-w', 'root@node152', 'ssh', '%h', '-oConnectTimeout=15', 'mkdir -p //mnt/data//14-140-fiorbd-randwrite-4k-qd64-1G-100-400-fiorbd/conf/']
[2016-06-03T05:30:24.387590]['pdsh', '-R', 'exec', '-w', 'root@node152', 'ssh', '%h', '-oConnectTimeout=15', 'mkdir -p //mnt/data//14-140-fiorbd-randwrite-4k-qd64-1G-100-400-fiorbd/raw/']
[2016-06-03T05:30:24.657990][LOG]: RUNID: 14, RESULT_DIR: //mnt/data//14-140-fiorbd-randwrite-4k-qd64-1G-100-400-fiorbd
[2016-06-03T05:30:24.658542][LOG]: Prerun_check: check if sysstat installed 
[2016-06-03T05:30:24.658756]['pdsh', '-R', 'exec', '-w', 'root@node164,root@node165,root@node166', 'ssh', '%h', '-oConnectTimeout=15', 'mpstat']
[2016-06-03T05:30:30.406378]node166: Linux 3.10.0-327.el7.x86_64 (node166) 	06/03/2016 	_x86_64_	(8 CPU)
node166: 
node166: 06:28:24 PM  CPU    %usr   %nice    %sys %iowait    %irq   %soft  %steal  %guest  %gnice   %idle
node166: 06:28:24 PM  all    4.27    0.00    7.94    0.31    0.00    0.03    0.00    0.00    0.00   87.46
node165: Linux 3.10.0-327.el7.x86_64 (node165) 	06/03/2016 	_x86_64_	(8 CPU)
node165: 
node165: 06:21:42 PM  CPU    %usr   %nice    %sys %iowait    %irq   %soft  %steal  %guest  %gnice   %idle
node165: 06:21:42 PM  all    1.72    0.00    0.95    0.12    0.00    0.01    0.00    0.00    0.00   97.20
node164: Linux 3.10.0-327.el7.x86_64 (node164) 	06/03/2016 	_x86_64_	(8 CPU)
node164: 
node164: 06:21:29 PM  CPU    %usr   %nice    %sys %iowait    %irq   %soft  %steal  %guest  %gnice   %idle
node164: 06:21:29 PM  all    1.83    0.00    0.97    0.17    0.00    0.01    0.00    0.00    0.00   97.02

[2016-06-03T05:30:30.406614][LOG]: Prerun_check: check if fatrace installed 
[2016-06-03T05:30:30.406806]['pdsh', '-R', 'exec', '-w', 'root@node164,root@node165,root@node166', 'ssh', '%h', '-oConnectTimeout=15', 'fatrace -h']
[2016-06-03T05:30:36.159834]node166: Usage: fatrace [options...] 
node166: 
node166: Options:
node166:   -c, --current-mount		Only record events on partition/mount of current directory.
node166:   -o FILE, --output=FILE	Write events to a file instead of standard output.
node166:   -s SECONDS, --seconds=SECONDS	Stop after the given number of seconds.
node166:   -t, --timestamp		Add timestamp to events. Give twice for seconds since the epoch.
node166:   -p PID, --ignore-pid PID	Ignore events for this process ID. Can be specified multiple times.
node166:   -f TYPES, --filter=TYPES	Show only the given event types; choose from C, R, O, or W, e. g. --filter=OC.
node166:   -C COMM, --command=COMM	Show only events for this command.
node166:   -h, --help			Show help.
node164: Usage: fatrace [options...] 
node164: 
node164: Options:
node164:   -c, --current-mount		Only record events on partition/mount of current directory.
node164:   -o FILE, --output=FILE	Write events to a file instead of standard output.
node164:   -s SECONDS, --seconds=SECONDS	Stop after the given number of seconds.
node164:   -t, --timestamp		Add timestamp to events. Give twice for seconds since the epoch.
node164:   -p PID, --ignore-pid PID	Ignore events for this process ID. Can be specified multiple times.
node164:   -f TYPES, --filter=TYPES	Show only the given event types; choose from C, R, O, or W, e. g. --filter=OC.
node164:   -C COMM, --command=COMM	Show only events for this command.
node164:   -h, --help			Show help.
node165: Usage: fatrace [options...] 
node165: 
node165: Options:
node165:   -c, --current-mount		Only record events on partition/mount of current directory.
node165:   -o FILE, --output=FILE	Write events to a file instead of standard output.
node165:   -s SECONDS, --seconds=SECONDS	Stop after the given number of seconds.
node165:   -t, --timestamp		Add timestamp to events. Give twice for seconds since the epoch.
node165:   -p PID, --ignore-pid PID	Ignore events for this process ID. Can be specified multiple times.
node165:   -f TYPES, --filter=TYPES	Show only the given event types; choose from C, R, O, or W, e. g. --filter=OC.
node165:   -C COMM, --command=COMM	Show only events for this command.
node165:   -h, --help			Show help.

[2016-06-03T05:30:36.160022][LOG]: Prerun_check: check if blktrace installed 
[2016-06-03T05:30:36.160187]['pdsh', '-R', 'exec', '-w', 'root@node164,root@node165,root@node166', 'ssh', '%h', '-oConnectTimeout=15', 'blktrace -v']
[2016-06-03T05:30:41.926325]node166: blktrace version 2.0.0
node164: blktrace version 2.0.0
node165: blktrace version 2.0.0

[2016-06-03T05:30:41.926588][LOG]: Prerun_check: check if strace installed 
[2016-06-03T05:30:41.926899]['pdsh', '-R', 'exec', '-w', 'root@node164,root@node165,root@node166', 'ssh', '%h', '-oConnectTimeout=15', 'strace -V']
[2016-06-03T05:30:47.657529]node166: strace -- version 4.8
node165: strace -- version 4.8
node164: strace -- version 4.8

[2016-06-03T05:30:47.657707][LOG]: Prerun_check: check if lttng installed 
[2016-06-03T05:30:47.657888]['pdsh', '-R', 'exec', '-w', 'root@node164,root@node165,root@node166', 'ssh', '%h', '-oConnectTimeout=15', 'lttng -V']
[2016-06-03T05:30:53.399537]node166: lttng (LTTng Trace Control) 2.4.1 - Époque Opaque
node164: lttng (LTTng Trace Control) 2.4.1 - Époque Opaque
node165: lttng (LTTng Trace Control) 2.4.1 - Époque Opaque

[2016-06-03T05:30:53.399720]['pdsh', '-R', 'exec', '-w', 'root@node152', 'ssh', '%h', '-oConnectTimeout=15', 'fio -v']
[2016-06-03T05:30:53.727285]node152: fio-2.1.10

[2016-06-03T05:30:53.727639][LOG]: check if FIO rbd engine installed
[2016-06-03T05:30:53.727982]['pdsh', '-R', 'exec', '-w', 'root@node152', 'ssh', '%h', '-oConnectTimeout=15', 'fio -enghelp | grep rbd']
[2016-06-03T05:30:54.071635]node152: 	rbd

[2016-06-03T05:30:54.071892][LOG]: check if rbd volume fully initialized
[2016-06-03T05:30:54.072102]['pdsh', '-R', 'exec', '-w', 'root@node152', 'ssh', '%h', '-oConnectTimeout=15', "ceph df | grep rbd | awk '{print $3}'"]
[2016-06-03T05:31:03.821733]node152: 40960M

[2016-06-03T05:31:03.822752][WARNING]: Ceph cluster used data occupied: 41943040.0 KB, planned_space: 4194304.0 KB 
[2016-06-03T05:31:03.822984]['pdsh', '-R', 'exec', '-w', 'root@node164,root@node165,root@node166', 'ssh', '%h', '-oConnectTimeout=15', 'export HOME=/opt/; lttng stop; lttng destroy;']
[2016-06-03T05:31:09.637439]node166: Did you create a session? (lttng create <my_session>)
node166: Did you create a session? (lttng create <my_session>)
node165: Did you create a session? (lttng create <my_session>)
node164: Did you create a session? (lttng create <my_session>)
node165: Did you create a session? (lttng create <my_session>)
node164: Did you create a session? (lttng create <my_session>)

[2016-06-03T05:31:09.637587]node166: Error: Can't find valid lttng config /opt//.lttngrc
node166: Error: Command error
node166: Error: Can't find valid lttng config /opt//.lttngrc
node166: Error: Command error
pdsh@node152: node166: ssh exited with exit code 1
node165: Error: Can't find valid lttng config /opt//.lttngrc
node165: Error: Command error
node164: Error: Can't find valid lttng config /opt//.lttngrc
node164: Error: Command error
node165: Error: Can't find valid lttng config /opt//.lttngrc
node165: Error: Command error
pdsh@node152: node165: ssh exited with exit code 1
node164: Error: Can't find valid lttng config /opt//.lttngrc
node164: Error: Command error
pdsh@node152: node164: ssh exited with exit code 1

[2016-06-03T05:31:09.637831][ERROR]: node166: Error: Can't find valid lttng config /opt//.lttngrc
node166: Error: Command error
node166: Error: Can't find valid lttng config /opt//.lttngrc
node166: Error: Command error
pdsh@node152: node166: ssh exited with exit code 1
node165: Error: Can't find valid lttng config /opt//.lttngrc
node165: Error: Command error
node164: Error: Can't find valid lttng config /opt//.lttngrc
node164: Error: Command error
node165: Error: Can't find valid lttng config /opt//.lttngrc
node165: Error: Command error
pdsh@node152: node165: ssh exited with exit code 1
node164: Error: Can't find valid lttng config /opt//.lttngrc
node164: Error: Command error
pdsh@node152: node164: ssh exited with exit code 1

[2016-06-03T05:31:09.637951]['pdsh', '-R', 'exec', '-w', 'root@node164,root@node165,root@node166', 'ssh', '%h', '-oConnectTimeout=15', "echo `date +%s`' perfcounter stop' >> /opt//`hostname`_process_log.txt; ps aux | grep asok |awk '{print $2}'| while read pid;do kill $pid;done"]
[2016-06-03T05:31:15.543376]node166: bash: line 0: kill: (5854) - No such process
pdsh@node152: node166: ssh exited with exit code 255
pdsh@node152: node164: ssh exited with exit code 255
node165: bash: line 0: kill: (30423) - No such process
pdsh@node152: node165: ssh exited with exit code 255

[2016-06-03T05:31:15.543690][ERROR]: node166: bash: line 0: kill: (5854) - No such process
node165: bash: line 0: kill: (30423) - No such process

[2016-06-03T05:31:15.543810]['pdsh', '-R', 'exec', '-w', 'root@node164,root@node165,root@node166', 'ssh', '%h', '-oConnectTimeout=15', "killall -9 top; echo `date +%s`' top stop' >> /opt//`hostname`_process_log.txt"]
[2016-06-03T05:31:21.389244]node166: top: no process found
node165: top: no process found
node164: top: no process found

[2016-06-03T05:31:21.389450]['pdsh', '-R', 'exec', '-w', 'root@node164,root@node165,root@node166', 'ssh', '%h', '-oConnectTimeout=15', "killall -9 sar; echo `date +%s`' sar stop' >> /opt//`hostname`_process_log.txt"]
[2016-06-03T05:31:27.240677]node166: sar: no process found
node165: sar: no process found
node164: sar: no process found

[2016-06-03T05:31:27.240911]['pdsh', '-R', 'exec', '-w', 'root@node164,root@node165,root@node166', 'ssh', '%h', '-oConnectTimeout=15', "killall -9 iostat; echo `date +%s`' iostat stop' >> /opt//`hostname`_process_log.txt"]
[2016-06-03T05:31:33.111844]['pdsh', '-R', 'exec', '-w', 'root@node164,root@node165,root@node166', 'ssh', '%h', '-oConnectTimeout=15', "killall -9 mpstat; echo `date +%s`' mpstat stop' >> /opt//`hostname`_process_log.txt"]
[2016-06-03T05:31:38.939447]['pdsh', '-R', 'exec', '-w', 'root@node164,root@node165,root@node166', 'ssh', '%h', '-oConnectTimeout=15', 'killall -9 fatrace;']
[2016-06-03T05:31:44.694383]['pdsh', '-R', 'exec', '-w', 'root@node164,root@node165,root@node166', 'ssh', '%h', '-oConnectTimeout=15', "cat /proc/interrupts > /opt//`hostname`_interrupts_end.txt; echo `date +%s`' interrupt stop' >> /opt//`hostname`_process_log.txt"]
[2016-06-03T05:31:50.532371]['pdsh', '-R', 'exec', '-w', 'root@node164,root@node165,root@node166', 'ssh', '%h', '-oConnectTimeout=15', 'killall -9 blktrace;']
[2016-06-03T05:31:56.276015]['pdsh', '-R', 'exec', '-w', 'root@node164,root@node165,root@node166', 'ssh', '%h', '-oConnectTimeout=15', 'killall -9 strace;']
[2016-06-03T05:32:01.750016]['pdsh', '-R', 'exec', '-w', 'root@node152', 'ssh', '%h', '-oConnectTimeout=15', "killall -9 top; echo `date +%s`' top stop' >> /opt//`hostname`_process_log.txt"]
[2016-06-03T05:32:02.060691]['pdsh', '-R', 'exec', '-w', 'root@node152', 'ssh', '%h', '-oConnectTimeout=15', "killall -9 sar; echo `date +%s`' sar stop' >> /opt//`hostname`_process_log.txt"]
[2016-06-03T05:32:02.372706]['pdsh', '-R', 'exec', '-w', 'root@node152', 'ssh', '%h', '-oConnectTimeout=15', "killall -9 iostat; echo `date +%s`' iostat stop' >> /opt//`hostname`_process_log.txt"]
[2016-06-03T05:32:02.693199]['pdsh', '-R', 'exec', '-w', 'root@node152', 'ssh', '%h', '-oConnectTimeout=15', "killall -9 mpstat; echo `date +%s`' mpstat stop' >> /opt//`hostname`_process_log.txt"]
[2016-06-03T05:32:03.003108]['pdsh', '-R', 'exec', '-w', 'root@node152', 'ssh', '%h', '-oConnectTimeout=15', "cat /proc/interrupts > /opt//`hostname`_interrupts_end.txt; echo `date +%s`' interrupt stop' >> /opt//`hostname`_process_log.txt"]
[2016-06-03T05:32:03.288409][LOG]: Prepare_run: distribute fio.conf to all clients
[2016-06-03T05:32:03.288661]['scp', '-oConnectTimeout=15', '-r', '../conf/fio.conf', 'root@node152:/opt/']
[2016-06-03T05:32:03.557406]
[2016-06-03T05:32:03.557824]['pdsh', '-R', 'exec', '-w', 'root@node164,root@node165,root@node166', 'ssh', '%h', '-oConnectTimeout=15', 'rm -rf /opt//*.txt; rm -rf /opt//*.log; rm /opt//*blktrace*; rm -rf /opt//lttng-traces/*']
[2016-06-03T05:32:08.995945]['pdsh', '-R', 'exec', '-w', 'root@node152', 'ssh', '%h', '-oConnectTimeout=15', 'rm -rf /opt//*.txt; rm -rf /opt//*.log']
[2016-06-03T05:32:09.288538][LOG]: Cleaned original data under /opt/ 
[2016-06-03T05:32:09.288927][LOG]: Run Benchmark Status: collect system metrics and run benchmark
[2016-06-03T05:32:09.289106][LOG]: This test will run 500 secs until finish.
[2016-06-03T05:32:09.289255]['pdsh', '-R', 'exec', '-w', 'root@node164,root@node165,root@node166', 'ssh', '%h', '-oConnectTimeout=15', "echo '1' > /proc/sys/vm/drop_caches && sync"]
[2016-06-03T05:32:14.878452]['pdsh', '-R', 'exec', '-w', 'root@node164,root@node165,root@node166', 'ssh', '%h', '-oConnectTimeout=15', 'for i in `seq 1 601`;do echo `date "+%Y_%m_%d %H:%M:%S"` `ceph health` >> /opt//`hostname`_ceph_health.txt; sleep 1;done']
[2016-06-03T05:32:14.884890]['pdsh', '-R', 'exec', '-w', 'root@node164,root@node165,root@node166', 'ssh', '%h', '-oConnectTimeout=15', "ps aux | grep ceph-osd | grep -v 'grep' > /opt//`hostname`_ps.txt"]
[2016-06-03T05:32:21.116982]['pdsh', '-R', 'exec', '-w', 'root@node164,root@node165,root@node166', 'ssh', '%h', '-oConnectTimeout=15', 'date > /opt//`hostname`_process_log.txt']
[2016-06-03T05:32:26.530016][LOG]: Start system data collector under ['node164', 'node165', 'node166'] 
[2016-06-03T05:32:26.530260]['pdsh', '-R', 'exec', '-w', 'root@node164,root@node165,root@node166', 'ssh', '%h', '-oConnectTimeout=15', "cat /proc/interrupts > /opt//`hostname`_interrupts_start.txt; echo `date +%s`' interrupt start' >> /opt//`hostname`_process_log.txt"]
[2016-06-03T05:32:31.935984]['pdsh', '-R', 'exec', '-w', 'root@node164,root@node165,root@node166', 'ssh', '%h', '-oConnectTimeout=15', "top -c -b -d 1 > /opt//`hostname`_top.txt & echo `date +%s`' top start' >> /opt//`hostname`_process_log.txt"]
[2016-06-03T05:32:37.324434]['pdsh', '-R', 'exec', '-w', 'root@node164,root@node165,root@node166', 'ssh', '%h', '-oConnectTimeout=15', "mpstat -P ALL 1 > /opt//`hostname`_mpstat.txt & echo `date +%s`' mpstat start' >> /opt//`hostname`_process_log.txt"]
[2016-06-03T05:32:42.716105]['pdsh', '-R', 'exec', '-w', 'root@node164,root@node165,root@node166', 'ssh', '%h', '-oConnectTimeout=15', "iostat -p ALL -dxm 1 > /opt//`hostname`_iostat.txt & echo `date +%s`' iostat start' >> /opt//`hostname`_process_log.txt"]
[2016-06-03T05:32:48.112793]['pdsh', '-R', 'exec', '-w', 'root@node164,root@node165,root@node166', 'ssh', '%h', '-oConnectTimeout=15', "sar -A 1 > /opt//`hostname`_sar.txt & echo `date +%s`' sar start' >> /opt//`hostname`_process_log.txt"]
[2016-06-03T05:32:53.500914][LOG]: Start perfcounter data collector under ['node164', 'node165', 'node166'] 
[2016-06-03T05:32:53.501179]['pdsh', '-R', 'exec', '-w', 'root@node164,root@node165,root@node166', 'ssh', '%h', '-oConnectTimeout=15', "echo `date +%s`' perfcounter start' >> /opt//`hostname`_process_log.txt; for i in `seq 1 600`; do find /var/run/ceph -name '*osd*asok' | while read path; do filename=`echo $path | awk -F/ '{print $NF}'`;res_file=/opt//`hostname`_${filename}.txt; echo `ceph --admin-daemon $path perf dump`, >> ${res_file} & done; sleep 1; done; echo `date +%s`' perfcounter stop' >> /opt//`hostname`_process_log.txt;"]
[2016-06-03T05:32:53.506963][LOG]: Start blktrace data collector under node164 
[2016-06-03T05:32:53.507211]['pdsh', '-R', 'exec', '-w', 'root@node164', 'ssh', '%h', '-oConnectTimeout=15', 'cd /opt/; blktrace -d /dev/sdd1 -o `hostname`_osd__dev_sdd1 2>&1 > /opt//`hostname`_blktrace__dev_sdd1.log']
[2016-06-03T05:32:53.519963]['pdsh', '-R', 'exec', '-w', 'root@node164', 'ssh', '%h', '-oConnectTimeout=15', 'cd /opt/; blktrace -d /dev/sde1 -o `hostname`_osd__dev_sde1 2>&1 > /opt//`hostname`_blktrace__dev_sde1.log']
[2016-06-03T05:32:53.528372]['pdsh', '-R', 'exec', '-w', 'root@node164', 'ssh', '%h', '-oConnectTimeout=15', 'cd /opt/; blktrace -d /dev/sdf1 -o `hostname`_osd__dev_sdf1 2>&1 > /opt//`hostname`_blktrace__dev_sdf1.log']
[2016-06-03T05:32:53.546168]['pdsh', '-R', 'exec', '-w', 'root@node164', 'ssh', '%h', '-oConnectTimeout=15', 'cd /opt/; blktrace -d /dev/sdc1 -o `hostname`_journal__dev_sdc1 2>&1 > /opt//`hostname`_blktrace__dev_sdc1.log']
[2016-06-03T05:32:53.554589]['pdsh', '-R', 'exec', '-w', 'root@node164', 'ssh', '%h', '-oConnectTimeout=15', 'cd /opt/; blktrace -d /dev/sdc2 -o `hostname`_journal__dev_sdc2 2>&1 > /opt//`hostname`_blktrace__dev_sdc2.log']
[2016-06-03T05:32:53.594401]['pdsh', '-R', 'exec', '-w', 'root@node164', 'ssh', '%h', '-oConnectTimeout=15', 'cd /opt/; blktrace -d /dev/sdc3 -o `hostname`_journal__dev_sdc3 2>&1 > /opt//`hostname`_blktrace__dev_sdc3.log']
[2016-06-03T05:32:53.604345][LOG]: Start blktrace data collector under node165 
[2016-06-03T05:32:53.604608]['pdsh', '-R', 'exec', '-w', 'root@node165', 'ssh', '%h', '-oConnectTimeout=15', 'cd /opt/; blktrace -d /dev/sdd1 -o `hostname`_osd__dev_sdd1 2>&1 > /opt//`hostname`_blktrace__dev_sdd1.log']
[2016-06-03T05:32:53.627258]['pdsh', '-R', 'exec', '-w', 'root@node165', 'ssh', '%h', '-oConnectTimeout=15', 'cd /opt/; blktrace -d /dev/sde1 -o `hostname`_osd__dev_sde1 2>&1 > /opt//`hostname`_blktrace__dev_sde1.log']
[2016-06-03T05:32:53.634816]['pdsh', '-R', 'exec', '-w', 'root@node165', 'ssh', '%h', '-oConnectTimeout=15', 'cd /opt/; blktrace -d /dev/sdc1 -o `hostname`_journal__dev_sdc1 2>&1 > /opt//`hostname`_blktrace__dev_sdc1.log']
[2016-06-03T05:32:53.642518]['pdsh', '-R', 'exec', '-w', 'root@node165', 'ssh', '%h', '-oConnectTimeout=15', 'cd /opt/; blktrace -d /dev/sdc2 -o `hostname`_journal__dev_sdc2 2>&1 > /opt//`hostname`_blktrace__dev_sdc2.log']
[2016-06-03T05:32:53.661301][LOG]: Start blktrace data collector under node166 
[2016-06-03T05:32:53.661572]['pdsh', '-R', 'exec', '-w', 'root@node166', 'ssh', '%h', '-oConnectTimeout=15', 'cd /opt/; blktrace -d /dev/sdd1 -o `hostname`_osd__dev_sdd1 2>&1 > /opt//`hostname`_blktrace__dev_sdd1.log']
[2016-06-03T05:32:53.687727]['pdsh', '-R', 'exec', '-w', 'root@node166', 'ssh', '%h', '-oConnectTimeout=15', 'cd /opt/; blktrace -d /dev/sde1 -o `hostname`_osd__dev_sde1 2>&1 > /opt//`hostname`_blktrace__dev_sde1.log']
[2016-06-03T05:32:53.713676]['pdsh', '-R', 'exec', '-w', 'root@node166', 'ssh', '%h', '-oConnectTimeout=15', 'cd /opt/; blktrace -d /dev/sdc1 -o `hostname`_journal__dev_sdc1 2>&1 > /opt//`hostname`_blktrace__dev_sdc1.log']
[2016-06-03T05:32:53.734232]['pdsh', '-R', 'exec', '-w', 'root@node166', 'ssh', '%h', '-oConnectTimeout=15', 'cd /opt/; blktrace -d /dev/sdc2 -o `hostname`_journal__dev_sdc2 2>&1 > /opt//`hostname`_blktrace__dev_sdc2.log']
[2016-06-03T05:32:53.745571][LOG]: Start fatrace data collector under ['node164', 'node165', 'node166'] 
[2016-06-03T05:32:53.745813]['pdsh', '-R', 'exec', '-w', 'root@node164,root@node165,root@node166', 'ssh', '%h', '-oConnectTimeout=15', 'fatrace -o /opt//`hostname`_fatrace.txt &']
[2016-06-03T05:32:59.441563][LOG]: Start strace data collector under ['node164', 'node165', 'node166'] 
[2016-06-03T05:32:59.441811]['pdsh', '-R', 'exec', '-w', 'root@node164,root@node165,root@node166', 'ssh', '%h', '-oConnectTimeout=15', "ps aux | grep ceph-osd | grep -v 'grep' | awk '{print $2}' | while read pid;do strace -ttt -T -e trace=desc -p ${pid} -o /opt//`hostname`_strace_${pid}.txt 2>&1 > /opt//`hostname`_strace_${pid}.log & done"]
[2016-06-03T05:32:59.448939][LOG]: Start lttng data collector under ['node164', 'node165', 'node166'] 
[2016-06-03T05:32:59.449171]['pdsh', '-R', 'exec', '-w', 'root@node164,root@node165,root@node166', 'ssh', '%h', '-oConnectTimeout=15', "export HOME='/opt/'; lttng destroy 2>/dev/null; lttng create zipkin; lttng enable-channel channel0 -u --buffers-pid; lttng enable-event -c channel0 --userspace zipkin:*; lttng start;"]
[2016-06-03T05:33:05.290395]node166: Did you create a session? (lttng create <my_session>)
node166: Session zipkin created.
node166: Traces will be written in /opt//lttng-traces/zipkin-20160603-183059
node166: UST channel channel0 enabled for session zipkin
node166: UST event zipkin:* created in channel channel0
node166: Tracing started for session zipkin
node164: Did you create a session? (lttng create <my_session>)
node164: Session zipkin created.
node164: Traces will be written in /opt//lttng-traces/zipkin-20160603-182403
node164: UST channel channel0 enabled for session zipkin
node165: Did you create a session? (lttng create <my_session>)
node164: UST event zipkin:* created in channel channel0
node165: Session zipkin created.
node165: Traces will be written in /opt//lttng-traces/zipkin-20160603-182416
node164: Tracing started for session zipkin
node165: UST channel channel0 enabled for session zipkin
node165: UST event zipkin:* created in channel channel0
node165: Tracing started for session zipkin

[2016-06-03T05:33:05.290811]['scp', '-oConnectTimeout=15', '-r', '../conf/nvme-pack/', 'root@node164:/opt/']
[2016-06-03T05:33:11.065810]
[2016-06-03T05:33:11.065980]['scp', '-oConnectTimeout=15', '-r', '../conf/nvme-pack/', 'root@node165:/opt/']
[2016-06-03T05:33:16.830052]
[2016-06-03T05:33:16.830220]['scp', '-oConnectTimeout=15', '-r', '../conf/nvme-pack/', 'root@node166:/opt/']
[2016-06-03T05:33:22.305889]
[2016-06-03T05:33:22.306101]['pdsh', '-R', 'exec', '-w', 'root@node152', 'ssh', '%h', '-oConnectTimeout=15', 'for i in `seq 1 601`;do echo `date "+%Y_%m_%d %H:%M:%S"` `ceph health` >> /opt//`hostname`_ceph_health.txt; sleep 1;done']
[2016-06-03T05:33:22.312489]['pdsh', '-R', 'exec', '-w', 'root@node152', 'ssh', '%h', '-oConnectTimeout=15', 'date > /opt//`hostname`_process_log.txt']
[2016-06-03T05:33:22.618020][LOG]: Start system data collector under ['node152'] 
[2016-06-03T05:33:22.618327]['pdsh', '-R', 'exec', '-w', 'root@node152', 'ssh', '%h', '-oConnectTimeout=15', "cat /proc/interrupts > /opt//`hostname`_interrupts_start.txt; echo `date +%s`' interrupt start' >> /opt//`hostname`_process_log.txt"]
[2016-06-03T05:33:22.930893]['pdsh', '-R', 'exec', '-w', 'root@node152', 'ssh', '%h', '-oConnectTimeout=15', "top -c -b -d 1 > /opt//`hostname`_top.txt & echo `date +%s`' top start' >> /opt//`hostname`_process_log.txt"]
[2016-06-03T05:33:23.260663]['pdsh', '-R', 'exec', '-w', 'root@node152', 'ssh', '%h', '-oConnectTimeout=15', "mpstat -P ALL 1 > /opt//`hostname`_mpstat.txt & echo `date +%s`' mpstat start' >> /opt//`hostname`_process_log.txt"]
[2016-06-03T05:33:23.536152]['pdsh', '-R', 'exec', '-w', 'root@node152', 'ssh', '%h', '-oConnectTimeout=15', "iostat -p -dxm 1 > /opt//`hostname`_iostat.txt & echo `date +%s`' iostat start' >> /opt//`hostname`_process_log.txt"]
[2016-06-03T05:33:23.819801]['pdsh', '-R', 'exec', '-w', 'root@node152', 'ssh', '%h', '-oConnectTimeout=15', "sar -A 1 > /opt//`hostname`_sar.txt & echo `date +%s`' sar start' >> /opt//`hostname`_process_log.txt"]
[2016-06-03T05:33:24.133114][LOG]: Start perfcounter data collector under ['node152'] 
[2016-06-03T05:33:24.133327]['pdsh', '-R', 'exec', '-w', 'root@node152', 'ssh', '%h', '-oConnectTimeout=15', "echo `date +%s`' perfcounter start' >> /opt//`hostname`_process_log.txt; for i in `seq 1 600`; do find /var/run/ceph -name '*client*asok' | while read path; do filename=`echo $path | awk -F/ '{print $NF}'`;res_file=/opt//`hostname`_${filename}.txt; echo `ceph --admin-daemon $path perf dump`, >> ${res_file} & done; sleep 1; done; echo `date +%s`' perfcounter stop' >> /opt//`hostname`_process_log.txt;"]
[2016-06-03T05:33:24.152189]['pdsh', '-R', 'exec', '-w', 'root@node152', 'ssh', '%h', '-oConnectTimeout=15', 'for rbdname in volume-999febe4-d243-4e00-98a7-e8228af9636a; do POOLNAME=rbd RBDNAME=${rbdname} fio --output /opt//`hostname`_${rbdname}_fio.txt --write_bw_log=/opt//`hostname`_${rbdname}_fio --write_lat_log=/opt//`hostname`_${rbdname}_fio --write_iops_log=/opt//`hostname`_${rbdname}_fio --section fiorbd-randwrite-4k-qd64-1G-100-400-fiorbd /opt//fio.conf 2>/opt//`hostname`_${rbdname}_fio_errorlog.txt & done']
[2016-06-03T05:33:24.169818]['pdsh', '-R', 'exec', '-w', 'root@node164,root@node165,root@node166,root@node152', 'ssh', '%h', '-oConnectTimeout=15', "echo `date +%s`' fio start' >> /opt//`hostname`_process_log.txt"]
[2016-06-03T05:33:31.017610]['pdsh', '-R', 'exec', '-w', 'root@node152', 'ssh', '%h', '-oConnectTimeout=15', 'pgrep fio']
[2016-06-03T05:33:31.300933]node152: 26197

[2016-06-03T05:33:31.301403][WARNING]: 1 fio job still runing
[2016-06-03T05:33:31.301618][LOG]: 1 FIO Jobs starts on ['node152']
[2016-06-03T05:33:31.301780]['pdsh', '-R', 'exec', '-w', 'root@node152', 'ssh', '%h', '-oConnectTimeout=15', 'pgrep fio']
[2016-06-03T05:33:31.586309]node152: 26197

[2016-06-03T05:33:31.586775][WARNING]: 1 fio job still runing
[2016-06-03T05:33:36.592269]['pdsh', '-R', 'exec', '-w', 'root@node152', 'ssh', '%h', '-oConnectTimeout=15', 'pgrep fio']
[2016-06-03T05:33:36.882287]node152: 26197

[2016-06-03T05:33:36.882616][WARNING]: 1 fio job still runing
[2016-06-03T05:33:41.888132]['pdsh', '-R', 'exec', '-w', 'root@node152', 'ssh', '%h', '-oConnectTimeout=15', 'pgrep fio']
[2016-06-03T05:33:42.208952]node152: 26197

[2016-06-03T05:33:42.209318][WARNING]: 1 fio job still runing
[2016-06-03T05:33:47.214751]['pdsh', '-R', 'exec', '-w', 'root@node152', 'ssh', '%h', '-oConnectTimeout=15', 'pgrep fio']
[2016-06-03T05:33:47.493411]node152: 26197

[2016-06-03T05:33:47.493844][WARNING]: 1 fio job still runing
[2016-06-03T05:33:52.499275]['pdsh', '-R', 'exec', '-w', 'root@node152', 'ssh', '%h', '-oConnectTimeout=15', 'pgrep fio']
[2016-06-03T05:33:52.787074]node152: 26197

[2016-06-03T05:33:52.787373][WARNING]: 1 fio job still runing
[2016-06-03T05:33:57.792874]['pdsh', '-R', 'exec', '-w', 'root@node152', 'ssh', '%h', '-oConnectTimeout=15', 'pgrep fio']
[2016-06-03T05:33:58.115679]node152: 26197

[2016-06-03T05:33:58.116128][WARNING]: 1 fio job still runing
[2016-06-03T05:34:03.121684]['pdsh', '-R', 'exec', '-w', 'root@node152', 'ssh', '%h', '-oConnectTimeout=15', 'pgrep fio']
[2016-06-03T05:34:03.405056]node152: 26197

[2016-06-03T05:34:03.405444][WARNING]: 1 fio job still runing
[2016-06-03T05:34:08.410988]['pdsh', '-R', 'exec', '-w', 'root@node152', 'ssh', '%h', '-oConnectTimeout=15', 'pgrep fio']
[2016-06-03T05:34:08.693541]node152: 26197

[2016-06-03T05:34:08.693972][WARNING]: 1 fio job still runing
[2016-06-03T05:34:13.699737]['pdsh', '-R', 'exec', '-w', 'root@node152', 'ssh', '%h', '-oConnectTimeout=15', 'pgrep fio']
[2016-06-03T05:34:13.989201]node152: 26197

[2016-06-03T05:34:13.989666][WARNING]: 1 fio job still runing
[2016-06-03T05:34:18.995166]['pdsh', '-R', 'exec', '-w', 'root@node152', 'ssh', '%h', '-oConnectTimeout=15', 'pgrep fio']
[2016-06-03T05:34:19.282158]node152: 26197

[2016-06-03T05:34:19.282648][WARNING]: 1 fio job still runing
[2016-06-03T05:34:24.288198]['pdsh', '-R', 'exec', '-w', 'root@node152', 'ssh', '%h', '-oConnectTimeout=15', 'pgrep fio']
[2016-06-03T05:34:24.592255]node152: 26197

[2016-06-03T05:34:24.592663][WARNING]: 1 fio job still runing
[2016-06-03T05:34:29.598306]['pdsh', '-R', 'exec', '-w', 'root@node152', 'ssh', '%h', '-oConnectTimeout=15', 'pgrep fio']
[2016-06-03T05:34:29.908358]node152: 26197

[2016-06-03T05:34:29.908686][WARNING]: 1 fio job still runing
[2016-06-03T05:34:34.909733]['pdsh', '-R', 'exec', '-w', 'root@node152', 'ssh', '%h', '-oConnectTimeout=15', 'pgrep fio']
[2016-06-03T05:34:35.213631]node152: 26197

[2016-06-03T05:34:35.213960][WARNING]: 1 fio job still runing
[2016-06-03T05:34:40.219481]['pdsh', '-R', 'exec', '-w', 'root@node152', 'ssh', '%h', '-oConnectTimeout=15', 'pgrep fio']
[2016-06-03T05:34:40.533089]node152: 26197

[2016-06-03T05:34:40.533630][WARNING]: 1 fio job still runing
[2016-06-03T05:34:45.539156]['pdsh', '-R', 'exec', '-w', 'root@node152', 'ssh', '%h', '-oConnectTimeout=15', 'pgrep fio']
[2016-06-03T05:34:45.819039]node152: 26197

[2016-06-03T05:34:45.819473][WARNING]: 1 fio job still runing
[2016-06-03T05:34:50.825824]['pdsh', '-R', 'exec', '-w', 'root@node152', 'ssh', '%h', '-oConnectTimeout=15', 'pgrep fio']
[2016-06-03T05:34:51.129224]node152: 26197

[2016-06-03T05:34:51.129833][WARNING]: 1 fio job still runing
[2016-06-03T05:34:56.135670]['pdsh', '-R', 'exec', '-w', 'root@node152', 'ssh', '%h', '-oConnectTimeout=15', 'pgrep fio']
[2016-06-03T05:34:56.435003]node152: 26197

[2016-06-03T05:34:56.435292][WARNING]: 1 fio job still runing
[2016-06-03T05:35:01.440724]['pdsh', '-R', 'exec', '-w', 'root@node152', 'ssh', '%h', '-oConnectTimeout=15', 'pgrep fio']
[2016-06-03T05:35:01.744781]node152: 26197

[2016-06-03T05:35:01.745382][WARNING]: 1 fio job still runing
[2016-06-03T05:35:06.750926]['pdsh', '-R', 'exec', '-w', 'root@node152', 'ssh', '%h', '-oConnectTimeout=15', 'pgrep fio']
[2016-06-03T05:35:07.046207]node152: 26197

[2016-06-03T05:35:07.046737][WARNING]: 1 fio job still runing
[2016-06-03T05:35:12.052344]['pdsh', '-R', 'exec', '-w', 'root@node152', 'ssh', '%h', '-oConnectTimeout=15', 'pgrep fio']
[2016-06-03T05:35:12.364384]node152: 26197

[2016-06-03T05:35:12.364964][WARNING]: 1 fio job still runing
[2016-06-03T05:35:17.370345]['pdsh', '-R', 'exec', '-w', 'root@node152', 'ssh', '%h', '-oConnectTimeout=15', 'pgrep fio']
[2016-06-03T05:35:17.656563]node152: 26197

[2016-06-03T05:35:17.656886][WARNING]: 1 fio job still runing
[2016-06-03T05:35:22.658733]['pdsh', '-R', 'exec', '-w', 'root@node152', 'ssh', '%h', '-oConnectTimeout=15', 'pgrep fio']
[2016-06-03T05:35:22.973031]node152: 26197

[2016-06-03T05:35:22.973618][WARNING]: 1 fio job still runing
[2016-06-03T05:35:27.977737]['pdsh', '-R', 'exec', '-w', 'root@node152', 'ssh', '%h', '-oConnectTimeout=15', 'pgrep fio']
[2016-06-03T05:35:28.262000]node152: 26197

[2016-06-03T05:35:28.262588][WARNING]: 1 fio job still runing
[2016-06-03T05:35:33.268009]['pdsh', '-R', 'exec', '-w', 'root@node152', 'ssh', '%h', '-oConnectTimeout=15', 'pgrep fio']
[2016-06-03T05:35:33.599040]node152: 26197

[2016-06-03T05:35:33.599385][WARNING]: 1 fio job still runing
[2016-06-03T05:35:38.604870]['pdsh', '-R', 'exec', '-w', 'root@node152', 'ssh', '%h', '-oConnectTimeout=15', 'pgrep fio']
[2016-06-03T05:35:38.890772]node152: 26197

[2016-06-03T05:35:38.891071][WARNING]: 1 fio job still runing
[2016-06-03T05:35:43.896601]['pdsh', '-R', 'exec', '-w', 'root@node152', 'ssh', '%h', '-oConnectTimeout=15', 'pgrep fio']
[2016-06-03T05:35:44.215827]node152: 26197

[2016-06-03T05:35:44.216233][WARNING]: 1 fio job still runing
[2016-06-03T05:35:49.218036]['pdsh', '-R', 'exec', '-w', 'root@node152', 'ssh', '%h', '-oConnectTimeout=15', 'pgrep fio']
[2016-06-03T05:35:49.530061]node152: 26197

[2016-06-03T05:35:49.530485][WARNING]: 1 fio job still runing
[2016-06-03T05:35:54.535888]['pdsh', '-R', 'exec', '-w', 'root@node152', 'ssh', '%h', '-oConnectTimeout=15', 'pgrep fio']
[2016-06-03T05:35:54.857832]node152: 26197

[2016-06-03T05:35:54.858298][WARNING]: 1 fio job still runing
[2016-06-03T05:35:59.859349]['pdsh', '-R', 'exec', '-w', 'root@node152', 'ssh', '%h', '-oConnectTimeout=15', 'pgrep fio']
[2016-06-03T05:36:00.170843]node152: 26197

[2016-06-03T05:36:00.171170][WARNING]: 1 fio job still runing
[2016-06-03T05:36:05.176740]['pdsh', '-R', 'exec', '-w', 'root@node152', 'ssh', '%h', '-oConnectTimeout=15', 'pgrep fio']
[2016-06-03T05:36:05.487549]node152: 26197

[2016-06-03T05:36:05.488010][WARNING]: 1 fio job still runing
[2016-06-03T05:36:10.493456]['pdsh', '-R', 'exec', '-w', 'root@node152', 'ssh', '%h', '-oConnectTimeout=15', 'pgrep fio']
[2016-06-03T05:36:10.788848]node152: 26197

[2016-06-03T05:36:10.789311][WARNING]: 1 fio job still runing
[2016-06-03T05:36:15.794848]['pdsh', '-R', 'exec', '-w', 'root@node152', 'ssh', '%h', '-oConnectTimeout=15', 'pgrep fio']
[2016-06-03T05:36:16.088931]node152: 26197

[2016-06-03T05:36:16.089433][WARNING]: 1 fio job still runing
[2016-06-03T05:36:21.091694]['pdsh', '-R', 'exec', '-w', 'root@node152', 'ssh', '%h', '-oConnectTimeout=15', 'pgrep fio']
[2016-06-03T05:36:21.380999]node152: 26197

[2016-06-03T05:36:21.381297][WARNING]: 1 fio job still runing
[2016-06-03T05:36:26.386762]['pdsh', '-R', 'exec', '-w', 'root@node152', 'ssh', '%h', '-oConnectTimeout=15', 'pgrep fio']
[2016-06-03T05:36:26.690395]node152: 26197

[2016-06-03T05:36:26.690922][WARNING]: 1 fio job still runing
[2016-06-03T05:36:31.691771]['pdsh', '-R', 'exec', '-w', 'root@node152', 'ssh', '%h', '-oConnectTimeout=15', 'pgrep fio']
