enter tuner
root
node152
['node152']
['node164', 'node165', 'node166']
['node164', 'node165', 'node166']
rgw_server not defined in all.conf
['/dev/sdd1', '/dev/sdc1']
['/dev/sdd1', '/dev/sdc1', '/dev/sde1', '/dev/sdc2']
['/dev/sdd1', '/dev/sdc1', '/dev/sde1', '/dev/sdc2', '/dev/sdf1', '/dev/sdc3']
['/dev/sdd1', '/dev/sdc1']
['/dev/sdd1', '/dev/sdc1', '/dev/sde1', '/dev/sdc2']
['/dev/sdd1', '/dev/sdc1']
['/dev/sdd1', '/dev/sdc1', '/dev/sde1', '/dev/sdc2']
[92m[LOG]: start to run performance test[0m
[92m[LOG]: Calculate Difference between Current Ceph Cluster Configuration with tuning[0m
Traceback (most recent call last):
  File "tuner.longxing.py", line 450, in <module>
    tuner.run()
  File "tuner.longxing.py", line 77, in run
    self.apply_tuning(section)
  File "tuner.longxing.py", line 295, in apply_tuning
    tmp_tuning_diff = self.check_tuning(jobname)
  File "tuner.longxing.py", line 256, in check_tuning
    self.cur_tuning = self.dump_config()
  File "tuner.longxing.py", line 205, in dump_config
    config["disk"] = self.handle_disk(option="get")
  File "tuner.longxing.py", line 95, in handle_disk
    stdout, stderr = common.pdsh(user, [osd], 'sh -c "cat /sys/block/%s/queue/%s"' % (parsed_device_name, key), option="check_return")
  File "/root/CeTune/conf/common.py", line 156, in pdsh
    for line in iter(_subp.stdout.readline,""):
KeyboardInterrupt
enter tuner
root
node152
['node152']
['node164', 'node165', 'node166']
['node164', 'node165', 'node166']
rgw_server not defined in all.conf
['/dev/sdd1', '/dev/sdc1']
['/dev/sdd1', '/dev/sdc1', '/dev/sde1', '/dev/sdc2']
['/dev/sdd1', '/dev/sdc1', '/dev/sde1', '/dev/sdc2', '/dev/sdf1', '/dev/sdc3']
['/dev/sdd1', '/dev/sdc1']
['/dev/sdd1', '/dev/sdc1', '/dev/sde1', '/dev/sdc2']
['/dev/sdd1', '/dev/sdc1']
['/dev/sdd1', '/dev/sdc1', '/dev/sde1', '/dev/sdc2']
[92m[LOG]: start to run performance test[0m
[92m[LOG]: Calculate Difference between Current Ceph Cluster Configuration with tuning[0m
[92m[LOG]: Tuning [mon_pg_warn_max_per_osd:1000] differs with current configuration, will apply[0m
[92m[LOG]: Tuning [mon_pg_warn_max_per_osd:1000] differs with current configuration, will apply[0m
[92m[LOG]: Tuning[analyzer] is not same with current configuration[0m
[92m[LOG]: Tuning[global] is not same with current configuration[0m
[92m[LOG]: Tuning[version] is not same with current configuration[0m
[92m[LOG]: RUNID: 3, RESULT_DIR: //mnt/data//3-140-fiorbd-randwrite-4k-qd64-1G-100-400-fiorbd[0m
[92m[LOG]: Prerun_check: check if sysstat installed [0m
[92m[LOG]: Prerun_check: check if fatrace installed [0m
[92m[LOG]: Prerun_check: check if blktrace installed [0m
[92m[LOG]: Prerun_check: check if strace installed [0m
[92m[LOG]: Prerun_check: check if lttng installed [0m
[92m[LOG]: check if FIO rbd engine installed[0m
[92m[LOG]: check if rbd volume fully initialized[0m
Traceback (most recent call last):
  File "tuner.longxing.py", line 450, in <module>
    tuner.run()
  File "tuner.longxing.py", line 79, in run
    run_cases.main(['--tuning', section])
  File "/root/CeTune/benchmarking/run_cases.py", line 81, in main
    benchmark.go(testcase["parameter"], tuning_section)
  File "/root/CeTune/benchmarking/mod/benchmark.py", line 35, in go
    self.prerun_check()
  File "/root/CeTune/benchmarking/mod/bblock/fiorbd.py", line 82, in prerun_check
    if not self.check_rbd_init_completed(planed_space):
  File "/root/CeTune/benchmarking/mod/benchmark.py", line 371, in check_rbd_init_completed
    cur_space = common.size_to_Kbytes(res[controller])
  File "/root/CeTune/conf/common.py", line 429, in size_to_Kbytes
    space_unit_index = unit_list.index(space_unit)
ValueError: '131' is not in list
